<?xml version="1.0" encoding="UTF-8"?>
<testng-results ignored="0" total="7" passed="6" failed="1" skipped="0">
  <reporter-output>
  </reporter-output>
  <suite started-at="2025-04-28T23:04:28 IST" name="Default suite" finished-at="2025-04-28T23:06:01 IST" duration-ms="92970">
    <groups>
    </groups>
    <test started-at="2025-04-28T23:04:28 IST" name="Default test" finished-at="2025-04-28T23:06:01 IST" duration-ms="92970">
      <class name="testbase.SearchHotelTest">
        <test-method is-config="true" signature="setup()[pri:0, instance:testbase.SearchHotelTest@2a798d51]" started-at="2025-04-28T23:04:28 IST" name="setup" finished-at="2025-04-28T23:04:47 IST" duration-ms="19041" status="PASS">
          <reporter-output>
          </reporter-output>
        </test-method> <!-- setup -->
        <test-method is-config="true" signature="setUpTest()[pri:0, instance:testbase.SearchHotelTest@2a798d51]" started-at="2025-04-28T23:04:47 IST" name="setUpTest" finished-at="2025-04-28T23:04:48 IST" duration-ms="1596" status="PASS">
          <reporter-output>
          </reporter-output>
        </test-method> <!-- setUpTest -->
        <test-method signature="TC_07_testSearchHotel(java.lang.String,java.lang.String,java.lang.String,java.lang.String,java.lang.String,java.lang.String,java.lang.String,java.lang.String)[pri:1, instance:testbase.SearchHotelTest@2a798d51]" started-at="2025-04-28T23:04:48 IST" name="TC_07_testSearchHotel" data-provider="searchHotelData" finished-at="2025-04-28T23:05:00 IST" duration-ms="11897" status="PASS">
          <params>
            <param index="0">
              <value>
                <![CDATA[Sydney]]>
              </value>
            </param>
            <param index="1">
              <value>
                <![CDATA[Hotel Creek]]>
              </value>
            </param>
            <param index="2">
              <value>
                <![CDATA[Double]]>
              </value>
            </param>
            <param index="3">
              <value>
                <![CDATA[2 - Two]]>
              </value>
            </param>
            <param index="4">
              <value>
                <![CDATA[20/09/2025]]>
              </value>
            </param>
            <param index="5">
              <value>
                <![CDATA[21/09/2025]]>
              </value>
            </param>
            <param index="6">
              <value>
                <![CDATA[2 - Two]]>
              </value>
            </param>
            <param index="7">
              <value>
                <![CDATA[2 - Two]]>
              </value>
            </param>
          </params>
          <reporter-output>
          </reporter-output>
        </test-method> <!-- TC_07_testSearchHotel -->
        <test-method signature="TC_07_testSearchHotel(java.lang.String,java.lang.String,java.lang.String,java.lang.String,java.lang.String,java.lang.String,java.lang.String,java.lang.String)[pri:1, instance:testbase.SearchHotelTest@2a798d51]" started-at="2025-04-28T23:05:00 IST" name="TC_07_testSearchHotel" data-provider="searchHotelData" finished-at="2025-04-28T23:05:30 IST" duration-ms="30021" status="FAIL">
          <params>
            <param index="0">
              <value>
                <![CDATA[Sydney]]>
              </value>
            </param>
            <param index="1">
              <value>
                <![CDATA[Hotel Creek]]>
              </value>
            </param>
            <param index="2">
              <value>
                <![CDATA[Single]]>
              </value>
            </param>
            <param index="3">
              <value>
                <![CDATA[1 - One]]>
              </value>
            </param>
            <param index="4">
              <value>
                <![CDATA[22/09/2025]]>
              </value>
            </param>
            <param index="5">
              <value>
                <![CDATA[23/09/2025]]>
              </value>
            </param>
            <param index="6">
              <value>
                <![CDATA[1 - One]]>
              </value>
            </param>
            <param index="7">
              <value>
                <![CDATA[1 - One]]>
              </value>
            </param>
          </params>
          <exception class="org.openqa.selenium.NoSuchElementException">
            <message>
              <![CDATA[no such element: Unable to locate element: {"method":"css selector","selector":"#location"}
  (Session info: chrome=133.0.6943.98)
For documentation on this error, please visit: https://www.selenium.dev/documentation/webdriver/troubleshooting/errors#no-such-element-exception
Build info: version: '4.29.0', revision: '5fc1ec94cb'
System info: os.name: 'Linux', os.arch: 'amd64', os.version: '6.8.0-57-generic', java.version: '17.0.14'
Driver info: org.openqa.selenium.chrome.ChromeDriver
Command: [7e011f0e3a45197cf5af4a9f760cde97, findElement {using=id, value=location}]
Capabilities {acceptInsecureCerts: false, browserName: chrome, browserVersion: 133.0.6943.98, chrome: {chromedriverVersion: 133.0.6943.141 (2a5d6da0d61..., userDataDir: /tmp/.org.chromium.Chromium...}, fedcm:accounts: true, goog:chromeOptions: {debuggerAddress: localhost:36117}, networkConnectionEnabled: false, pageLoadStrategy: normal, platformName: linux, proxy: Proxy(), se:cdp: ws://localhost:36117/devtoo..., se:cdpVersion: 133.0.6943.98, setWindowRect: true, strictFileInteractability: false, timeouts: {implicit: 0, pageLoad: 300000, script: 30000}, unhandledPromptBehavior: dismiss and notify, webauthn:extension:credBlob: true, webauthn:extension:largeBlob: true, webauthn:extension:minPinLength: true, webauthn:extension:prf: true, webauthn:virtualAuthenticators: true}
Session ID: 7e011f0e3a45197cf5af4a9f760cde97]]>
            </message>
            <full-stacktrace>
              <![CDATA[org.openqa.selenium.NoSuchElementException: no such element: Unable to locate element: {"method":"css selector","selector":"#location"}
  (Session info: chrome=133.0.6943.98)
For documentation on this error, please visit: https://www.selenium.dev/documentation/webdriver/troubleshooting/errors#no-such-element-exception
Build info: version: '4.29.0', revision: '5fc1ec94cb'
System info: os.name: 'Linux', os.arch: 'amd64', os.version: '6.8.0-57-generic', java.version: '17.0.14'
Driver info: org.openqa.selenium.chrome.ChromeDriver
Command: [7e011f0e3a45197cf5af4a9f760cde97, findElement {using=id, value=location}]
Capabilities {acceptInsecureCerts: false, browserName: chrome, browserVersion: 133.0.6943.98, chrome: {chromedriverVersion: 133.0.6943.141 (2a5d6da0d61..., userDataDir: /tmp/.org.chromium.Chromium...}, fedcm:accounts: true, goog:chromeOptions: {debuggerAddress: localhost:36117}, networkConnectionEnabled: false, pageLoadStrategy: normal, platformName: linux, proxy: Proxy(), se:cdp: ws://localhost:36117/devtoo..., se:cdpVersion: 133.0.6943.98, setWindowRect: true, strictFileInteractability: false, timeouts: {implicit: 0, pageLoad: 300000, script: 30000}, unhandledPromptBehavior: dismiss and notify, webauthn:extension:credBlob: true, webauthn:extension:largeBlob: true, webauthn:extension:minPinLength: true, webauthn:extension:prf: true, webauthn:virtualAuthenticators: true}
Session ID: 7e011f0e3a45197cf5af4a9f760cde97
at java.base/jdk.internal.reflect.NativeConstructorAccessorImpl.newInstance0(Native Method)
at java.base/jdk.internal.reflect.NativeConstructorAccessorImpl.newInstance(NativeConstructorAccessorImpl.java:77)
at java.base/jdk.internal.reflect.DelegatingConstructorAccessorImpl.newInstance(DelegatingConstructorAccessorImpl.java:45)
at java.base/java.lang.reflect.Constructor.newInstanceWithCaller(Constructor.java:500)
at java.base/java.lang.reflect.Constructor.newInstance(Constructor.java:481)
at org.openqa.selenium.remote.ErrorCodec.decode(ErrorCodec.java:167)
at org.openqa.selenium.remote.codec.w3c.W3CHttpResponseCodec.decode(W3CHttpResponseCodec.java:138)
at org.openqa.selenium.remote.codec.w3c.W3CHttpResponseCodec.decode(W3CHttpResponseCodec.java:50)
at org.openqa.selenium.remote.HttpCommandExecutor.execute(HttpCommandExecutor.java:215)
at org.openqa.selenium.remote.service.DriverCommandExecutor.invokeExecute(DriverCommandExecutor.java:216)
at org.openqa.selenium.remote.service.DriverCommandExecutor.execute(DriverCommandExecutor.java:174)
at org.openqa.selenium.remote.RemoteWebDriver.execute(RemoteWebDriver.java:545)
at org.openqa.selenium.remote.ElementLocation$ElementFinder$2.findElement(ElementLocation.java:165)
at org.openqa.selenium.remote.ElementLocation.findElement(ElementLocation.java:59)
at org.openqa.selenium.remote.RemoteWebDriver.findElement(RemoteWebDriver.java:368)
at org.openqa.selenium.remote.RemoteWebDriver.findElement(RemoteWebDriver.java:362)
at org.openqa.selenium.support.pagefactory.DefaultElementLocator.findElement(DefaultElementLocator.java:68)
at org.openqa.selenium.support.pagefactory.internal.LocatingElementHandler.invoke(LocatingElementHandler.java:38)
at jdk.proxy2/jdk.proxy2.$Proxy14.getTagName(Unknown Source)
at org.openqa.selenium.support.ui.Select.<init>(Select.java:41)
at adactingroup.SearchHotelPage.selectLocation(SearchHotelPage.java:59)
at testbase.SearchHotelTest.TC_07_testSearchHotel(SearchHotelTest.java:47)
at java.base/jdk.internal.reflect.NativeMethodAccessorImpl.invoke0(Native Method)
at java.base/jdk.internal.reflect.NativeMethodAccessorImpl.invoke(NativeMethodAccessorImpl.java:77)
at java.base/jdk.internal.reflect.DelegatingMethodAccessorImpl.invoke(DelegatingMethodAccessorImpl.java:43)
at java.base/java.lang.reflect.Method.invoke(Method.java:569)
at org.testng.internal.invokers.MethodInvocationHelper.invokeMethod(MethodInvocationHelper.java:139)
at org.testng.internal.invokers.TestInvoker.invokeMethod(TestInvoker.java:664)
at org.testng.internal.invokers.TestInvoker.invokeTestMethod(TestInvoker.java:227)
at org.testng.internal.invokers.MethodRunner.runInSequence(MethodRunner.java:50)
at org.testng.internal.invokers.TestInvoker$MethodInvocationAgent.invoke(TestInvoker.java:957)
at org.testng.internal.invokers.TestInvoker.invokeTestMethods(TestInvoker.java:200)
at org.testng.internal.invokers.TestMethodWorker.invokeTestMethods(TestMethodWorker.java:148)
at org.testng.internal.invokers.TestMethodWorker.run(TestMethodWorker.java:128)
at java.base/java.util.ArrayList.forEach(ArrayList.java:1511)
at org.testng.TestRunner.privateRun(TestRunner.java:848)
at org.testng.TestRunner.run(TestRunner.java:621)
at org.testng.SuiteRunner.runTest(SuiteRunner.java:443)
at org.testng.SuiteRunner.runSequentially(SuiteRunner.java:437)
at org.testng.SuiteRunner.privateRun(SuiteRunner.java:397)
at org.testng.SuiteRunner.run(SuiteRunner.java:336)
at org.testng.SuiteRunnerWorker.runSuite(SuiteRunnerWorker.java:52)
at org.testng.SuiteRunnerWorker.run(SuiteRunnerWorker.java:95)
at org.testng.TestNG.runSuitesSequentially(TestNG.java:1280)
at org.testng.TestNG.runSuitesLocally(TestNG.java:1200)
at org.testng.TestNG.runSuites(TestNG.java:1114)
at org.testng.TestNG.run(TestNG.java:1082)
at org.testng.remote.AbstractRemoteTestNG.run(AbstractRemoteTestNG.java:115)
at org.testng.remote.RemoteTestNG.initAndRun(RemoteTestNG.java:293)
at org.testng.remote.RemoteTestNG.main(RemoteTestNG.java:91)
]]>
            </full-stacktrace>
          </exception> <!-- org.openqa.selenium.NoSuchElementException -->
          <reporter-output>
          </reporter-output>
        </test-method> <!-- TC_07_testSearchHotel -->
        <test-method signature="TC_08_testMissingInDate()[pri:2, instance:testbase.SearchHotelTest@2a798d51]" started-at="2025-04-28T23:05:31 IST" name="TC_08_testMissingInDate" finished-at="2025-04-28T23:05:36 IST" duration-ms="5464" status="PASS">
          <reporter-output>
          </reporter-output>
        </test-method> <!-- TC_08_testMissingInDate -->
        <test-method signature="TC_09_testMissingOutDate()[pri:3, instance:testbase.SearchHotelTest@2a798d51]" started-at="2025-04-28T23:05:36 IST" name="TC_09_testMissingOutDate" finished-at="2025-04-28T23:05:42 IST" duration-ms="5798" status="PASS">
          <reporter-output>
          </reporter-output>
        </test-method> <!-- TC_09_testMissingOutDate -->
        <test-method signature="TC_10_testDateBeforeInDate()[pri:4, instance:testbase.SearchHotelTest@2a798d51]" started-at="2025-04-28T23:05:42 IST" name="TC_10_testDateBeforeInDate" finished-at="2025-04-28T23:05:48 IST" duration-ms="6676" status="PASS">
          <reporter-output>
          </reporter-output>
        </test-method> <!-- TC_10_testDateBeforeInDate -->
        <test-method signature="TC_11_testWithoutLocation()[pri:5, instance:testbase.SearchHotelTest@2a798d51]" started-at="2025-04-28T23:05:48 IST" name="TC_11_testWithoutLocation" finished-at="2025-04-28T23:05:55 IST" duration-ms="6358" status="PASS">
          <reporter-output>
          </reporter-output>
        </test-method> <!-- TC_11_testWithoutLocation -->
        <test-method signature="TC_12_testWithoutRoomType()[pri:6, instance:testbase.SearchHotelTest@2a798d51]" started-at="2025-04-28T23:05:55 IST" name="TC_12_testWithoutRoomType" finished-at="2025-04-28T23:06:01 IST" duration-ms="5835" status="PASS">
          <reporter-output>
          </reporter-output>
        </test-method> <!-- TC_12_testWithoutRoomType -->
        <test-method is-config="true" signature="tearDown()[pri:0, instance:testbase.SearchHotelTest@2a798d51]" started-at="2025-04-28T23:06:01 IST" name="tearDown" finished-at="2025-04-28T23:06:01 IST" duration-ms="89" status="PASS">
          <reporter-output>
          </reporter-output>
        </test-method> <!-- tearDown -->
      </class> <!-- testbase.SearchHotelTest -->
    </test> <!-- Default test -->
  </suite> <!-- Default suite -->
</testng-results>
