<?xml version="1.0" encoding="UTF-8"?>
<!-- Generated by org.testng.reporters.JUnitXMLReporter -->
<testsuite ignored="0" hostname="ZS-LT-9X5WKW3" failures="0" tests="22" name="Test" time="177.669" errors="0" timestamp="2025-04-28T22:50:23 IST">
  <testcase classname="testbase.LoginTest" name="TC_01_testLoginButtonVisible" time="0.253"/>
  <testcase classname="testbase.LoginTest" name="TC_02_tesLogintButtonClickable" time="0.044"/>
  <testcase classname="testbase.LoginTest" name="TC_03_testInvalidUsernameAndvalidPassword" time="1.016"/>
  <testcase classname="testbase.LoginTest" name="TC_04_testInvalidUsernameAndValidPassword" time="0.398"/>
  <testcase classname="testbase.LoginTest" name="TC_05_testInvalidUsernameAndInvalidPassword" time="0.84"/>
  <testcase classname="testbase.LoginTest" name="TC_06_testvalidlogin" time="4.541"/>
  <testcase classname="testbase.SearchHotelTest" name="TC_07_testSearchHotel" time="6.931"/>
  <testcase classname="testbase.SearchHotelTest" name="TC_08_testMissingInDate" time="15.377"/>
  <testcase classname="testbase.SearchHotelTest" name="TC_09_testMissingOutDate" time="5.633"/>
  <testcase classname="testbase.SearchHotelTest" name="TC_10_testDateBedoreInDate" time="6.543"/>
  <testcase classname="testbase.SearchHotelTest" name="TC_11_testWithoutLocation" time="6.641"/>
  <testcase classname="testbase.SearchHotelTest" name="TC_12_testWithoutRoomType" time="6.396"/>
  <testcase classname="testbase.BookHotelTest" name="TC_13_testWithOutClickingRadioButton" time="0.488"/>
  <testcase classname="testbase.BookHotelTest" name="TC_14_testGoToBookingPage" time="0.637"/>
  <testcase classname="testbase.BookHotelTest" name="TC_15_testWithoutFirstname" time="5.091"/>
  <testcase classname="testbase.BookHotelTest" name="TC_16_testWithoutLastname" time="4.961"/>
  <testcase classname="testbase.BookHotelTest" name="TC_17_testWithoutBillingAddress" time="4.428"/>
  <testcase classname="testbase.BookHotelTest" name="TC_18_testWithoutCardNumber" time="4.948"/>
  <testcase classname="testbase.BookHotelTest" name="TC_19_testBookWithValidData" time="7.049"/>
  <testcase classname="testbase.BookHotelTest" name="TC_20_testItinerary" time="12.842"/>
  <testcase classname="testbase.ChangePasswordTest" name="TC_21_testChangePassword" time="2.406"/>
  <testcase classname="testbase.LogoutTest" name="TC_22_testlogout" time="2.253"/>
</testsuite> <!-- Test -->
